#! /c/Source/iverilog-install/bin/vvp
:ivl_version "12.0 (devel)" "(s20150603-1539-g2693dd32b)";
:ivl_delay_selection "TYPICAL";
:vpi_time_precision + 0;
:vpi_module "C:\PROGRA~1\iverilog\lib\ivl\system.vpi";
:vpi_module "C:\PROGRA~1\iverilog\lib\ivl\vhdl_sys.vpi";
:vpi_module "C:\PROGRA~1\iverilog\lib\ivl\vhdl_textio.vpi";
:vpi_module "C:\PROGRA~1\iverilog\lib\ivl\v2005_math.vpi";
:vpi_module "C:\PROGRA~1\iverilog\lib\ivl\va_math.vpi";
S_0000018b03fa4d90 .scope module, "cla_adder" "cla_adder" 2 1;
 .timescale 0 0;
    .port_info 0 /INPUT 1 "clk";
    .port_info 1 /INPUT 5 "a";
    .port_info 2 /INPUT 5 "b";
    .port_info 3 /OUTPUT 5 "sum";
    .port_info 4 /OUTPUT 1 "cout";
L_0000018b03fb2de0 .functor XOR 5, v0000018b04015dc0_0, v0000018b040150a0_0, C4<00000>, C4<00000>;
L_0000018b03fb2e50 .functor AND 5, v0000018b04015dc0_0, v0000018b040150a0_0, C4<11111>, C4<11111>;
L_0000018b03fb2f30 .functor AND 1, L_0000018b040155a0, L_0000018b04014ec0, C4<1>, C4<1>;
L_0000018b03fb2ec0 .functor OR 1, L_0000018b04016360, L_0000018b03fb2f30, C4<0>, C4<0>;
L_0000018b03fb2130 .functor AND 1, L_0000018b04015640, L_0000018b04015780, C4<1>, C4<1>;
L_0000018b03fb2360 .functor OR 1, L_0000018b040164a0, L_0000018b03fb2130, C4<0>, C4<0>;
L_0000018b03fb2440 .functor AND 1, L_0000018b04014f60, L_0000018b04016680, C4<1>, C4<1>;
L_0000018b040a87e0 .functor AND 1, L_0000018b03fb2440, L_0000018b04016720, C4<1>, C4<1>;
L_0000018b040a8a80 .functor OR 1, L_0000018b03fb2360, L_0000018b040a87e0, C4<0>, C4<0>;
L_0000018b040a8d20 .functor AND 1, L_0000018b04017e10, L_0000018b04017eb0, C4<1>, C4<1>;
L_0000018b040a8700 .functor OR 1, L_0000018b04014920, L_0000018b040a8d20, C4<0>, C4<0>;
L_0000018b040a8230 .functor AND 1, L_0000018b04018950, L_0000018b04017730, C4<1>, C4<1>;
L_0000018b040a8540 .functor AND 1, L_0000018b040a8230, L_0000018b04017370, C4<1>, C4<1>;
L_0000018b040a81c0 .functor OR 1, L_0000018b040a8700, L_0000018b040a8540, C4<0>, C4<0>;
L_0000018b040a8e00 .functor AND 1, L_0000018b04017c30, L_0000018b04017b90, C4<1>, C4<1>;
L_0000018b040a8af0 .functor AND 1, L_0000018b040a8e00, L_0000018b04016d30, C4<1>, C4<1>;
L_0000018b040a8e70 .functor AND 1, L_0000018b040a8af0, L_0000018b040177d0, C4<1>, C4<1>;
L_0000018b040a80e0 .functor OR 1, L_0000018b040a81c0, L_0000018b040a8e70, C4<0>, C4<0>;
L_0000018b040a8770 .functor AND 1, L_0000018b04017cd0, L_0000018b04017910, C4<1>, C4<1>;
L_0000018b040a8ee0 .functor OR 1, L_0000018b04017050, L_0000018b040a8770, C4<0>, C4<0>;
L_0000018b040a8f50 .functor AND 1, L_0000018b04017f50, L_0000018b040179b0, C4<1>, C4<1>;
L_0000018b040a8d90 .functor AND 1, L_0000018b040a8f50, L_0000018b04017870, C4<1>, C4<1>;
L_0000018b040a82a0 .functor OR 1, L_0000018b040a8ee0, L_0000018b040a8d90, C4<0>, C4<0>;
L_0000018b040a8b60 .functor AND 1, L_0000018b04018310, L_0000018b04017ff0, C4<1>, C4<1>;
L_0000018b040a8fc0 .functor AND 1, L_0000018b040a8b60, L_0000018b040189f0, C4<1>, C4<1>;
L_0000018b040a8310 .functor AND 1, L_0000018b040a8fc0, L_0000018b04018090, C4<1>, C4<1>;
L_0000018b040a8bd0 .functor OR 1, L_0000018b040a82a0, L_0000018b040a8310, C4<0>, C4<0>;
L_0000018b040a89a0 .functor AND 1, L_0000018b04017d70, L_0000018b04017230, C4<1>, C4<1>;
L_0000018b040a8380 .functor AND 1, L_0000018b040a89a0, L_0000018b04018450, C4<1>, C4<1>;
L_0000018b040a8a10 .functor AND 1, L_0000018b040a8380, L_0000018b04018130, C4<1>, C4<1>;
L_0000018b040a83f0 .functor AND 1, L_0000018b040a8a10, L_0000018b040172d0, C4<1>, C4<1>;
L_0000018b040a8460 .functor OR 1, L_0000018b040a8bd0, L_0000018b040a83f0, C4<0>, C4<0>;
L_0000018b040a8150 .functor AND 1, L_0000018b040184f0, L_0000018b04017af0, C4<1>, C4<1>;
L_0000018b040a8c40 .functor OR 1, L_0000018b04017a50, L_0000018b040a8150, C4<0>, C4<0>;
L_0000018b040a84d0 .functor AND 1, L_0000018b040181d0, L_0000018b040186d0, C4<1>, C4<1>;
L_0000018b040a8cb0 .functor AND 1, L_0000018b040a84d0, L_0000018b04016fb0, C4<1>, C4<1>;
L_0000018b040a8850 .functor OR 1, L_0000018b040a8c40, L_0000018b040a8cb0, C4<0>, C4<0>;
L_0000018b040a85b0 .functor AND 1, L_0000018b04018270, L_0000018b040175f0, C4<1>, C4<1>;
L_0000018b040a8620 .functor AND 1, L_0000018b040a85b0, L_0000018b04017690, C4<1>, C4<1>;
L_0000018b040a8690 .functor AND 1, L_0000018b040a8620, L_0000018b040183b0, C4<1>, C4<1>;
L_0000018b040a88c0 .functor OR 1, L_0000018b040a8850, L_0000018b040a8690, C4<0>, C4<0>;
L_0000018b040a8930 .functor AND 1, L_0000018b04018590, L_0000018b04016f10, C4<1>, C4<1>;
L_0000018b0401b430 .functor AND 1, L_0000018b040a8930, L_0000018b040170f0, C4<1>, C4<1>;
L_0000018b0401b3c0 .functor AND 1, L_0000018b0401b430, L_0000018b04018630, C4<1>, C4<1>;
L_0000018b0401bac0 .functor AND 1, L_0000018b0401b3c0, L_0000018b04018770, C4<1>, C4<1>;
L_0000018b0401af60 .functor OR 1, L_0000018b040a88c0, L_0000018b0401bac0, C4<0>, C4<0>;
L_0000018b0401b820 .functor AND 1, L_0000018b04018810, L_0000018b040188b0, C4<1>, C4<1>;
L_0000018b0401bb30 .functor AND 1, L_0000018b0401b820, L_0000018b04018a90, C4<1>, C4<1>;
L_0000018b0401b9e0 .functor AND 1, L_0000018b0401bb30, L_0000018b04018b30, C4<1>, C4<1>;
L_0000018b0401acc0 .functor AND 1, L_0000018b0401b9e0, L_0000018b04016c90, C4<1>, C4<1>;
L_0000018b0401ada0 .functor AND 1, L_0000018b0401acc0, L_0000018b04016dd0, C4<1>, C4<1>;
L_0000018b0401b4a0 .functor OR 1, L_0000018b0401af60, L_0000018b0401ada0, C4<0>, C4<0>;
L_0000018b0401bba0 .functor XOR 5, L_0000018b03fb2de0, L_0000018b04016e70, C4<00000>, C4<00000>;
v0000018b03fb9670_0 .net *"_ivl_100", 0 0, L_0000018b040a8f50;  1 drivers
v0000018b03fb8d10_0 .net *"_ivl_103", 0 0, L_0000018b04017870;  1 drivers
v0000018b03fb9710_0 .net *"_ivl_104", 0 0, L_0000018b040a8d90;  1 drivers
v0000018b03fb8f90_0 .net *"_ivl_106", 0 0, L_0000018b040a82a0;  1 drivers
v0000018b03fb9df0_0 .net *"_ivl_109", 0 0, L_0000018b04018310;  1 drivers
v0000018b03fb8e50_0 .net *"_ivl_11", 0 0, L_0000018b04016360;  1 drivers
v0000018b03fb9030_0 .net *"_ivl_111", 0 0, L_0000018b04017ff0;  1 drivers
v0000018b03fb8a90_0 .net *"_ivl_112", 0 0, L_0000018b040a8b60;  1 drivers
v0000018b03fb9fd0_0 .net *"_ivl_115", 0 0, L_0000018b040189f0;  1 drivers
v0000018b03fb9e90_0 .net *"_ivl_116", 0 0, L_0000018b040a8fc0;  1 drivers
v0000018b03fb9f30_0 .net *"_ivl_119", 0 0, L_0000018b04018090;  1 drivers
v0000018b03fb97b0_0 .net *"_ivl_120", 0 0, L_0000018b040a8310;  1 drivers
v0000018b03fb8bd0_0 .net *"_ivl_122", 0 0, L_0000018b040a8bd0;  1 drivers
v0000018b03fb98f0_0 .net *"_ivl_125", 0 0, L_0000018b04017d70;  1 drivers
v0000018b03fba250_0 .net *"_ivl_127", 0 0, L_0000018b04017230;  1 drivers
v0000018b03fb90d0_0 .net *"_ivl_128", 0 0, L_0000018b040a89a0;  1 drivers
v0000018b03fb8b30_0 .net *"_ivl_13", 0 0, L_0000018b040155a0;  1 drivers
v0000018b03fb8950_0 .net *"_ivl_131", 0 0, L_0000018b04018450;  1 drivers
v0000018b03fb9170_0 .net *"_ivl_132", 0 0, L_0000018b040a8380;  1 drivers
v0000018b03fba2f0_0 .net *"_ivl_135", 0 0, L_0000018b04018130;  1 drivers
v0000018b03fba570_0 .net *"_ivl_136", 0 0, L_0000018b040a8a10;  1 drivers
v0000018b03fb9350_0 .net *"_ivl_139", 0 0, L_0000018b040172d0;  1 drivers
v0000018b03fba070_0 .net *"_ivl_140", 0 0, L_0000018b040a83f0;  1 drivers
v0000018b03fb9850_0 .net *"_ivl_142", 0 0, L_0000018b040a8460;  1 drivers
v0000018b03fb93f0_0 .net *"_ivl_148", 0 0, L_0000018b04017a50;  1 drivers
v0000018b03fba110_0 .net *"_ivl_15", 0 0, L_0000018b04014ec0;  1 drivers
v0000018b03fba1b0_0 .net *"_ivl_150", 0 0, L_0000018b040184f0;  1 drivers
v0000018b03fba390_0 .net *"_ivl_152", 0 0, L_0000018b04017af0;  1 drivers
v0000018b04011d60_0 .net *"_ivl_153", 0 0, L_0000018b040a8150;  1 drivers
v0000018b040130c0_0 .net *"_ivl_155", 0 0, L_0000018b040a8c40;  1 drivers
v0000018b040126c0_0 .net *"_ivl_158", 0 0, L_0000018b040181d0;  1 drivers
v0000018b04011f40_0 .net *"_ivl_16", 0 0, L_0000018b03fb2f30;  1 drivers
v0000018b04013200_0 .net *"_ivl_160", 0 0, L_0000018b040186d0;  1 drivers
v0000018b04012da0_0 .net *"_ivl_161", 0 0, L_0000018b040a84d0;  1 drivers
v0000018b040124e0_0 .net *"_ivl_164", 0 0, L_0000018b04016fb0;  1 drivers
v0000018b04013660_0 .net *"_ivl_165", 0 0, L_0000018b040a8cb0;  1 drivers
v0000018b04012300_0 .net *"_ivl_167", 0 0, L_0000018b040a8850;  1 drivers
v0000018b040138e0_0 .net *"_ivl_170", 0 0, L_0000018b04018270;  1 drivers
v0000018b04012260_0 .net *"_ivl_172", 0 0, L_0000018b040175f0;  1 drivers
v0000018b04011e00_0 .net *"_ivl_173", 0 0, L_0000018b040a85b0;  1 drivers
v0000018b040135c0_0 .net *"_ivl_176", 0 0, L_0000018b04017690;  1 drivers
v0000018b04012120_0 .net *"_ivl_177", 0 0, L_0000018b040a8620;  1 drivers
v0000018b04011ea0_0 .net *"_ivl_18", 0 0, L_0000018b03fb2ec0;  1 drivers
v0000018b04012a80_0 .net *"_ivl_180", 0 0, L_0000018b040183b0;  1 drivers
v0000018b04013700_0 .net *"_ivl_181", 0 0, L_0000018b040a8690;  1 drivers
v0000018b04012940_0 .net *"_ivl_183", 0 0, L_0000018b040a88c0;  1 drivers
v0000018b040129e0_0 .net *"_ivl_186", 0 0, L_0000018b04018590;  1 drivers
v0000018b040133e0_0 .net *"_ivl_188", 0 0, L_0000018b04016f10;  1 drivers
v0000018b04012580_0 .net *"_ivl_189", 0 0, L_0000018b040a8930;  1 drivers
v0000018b04012ee0_0 .net *"_ivl_192", 0 0, L_0000018b040170f0;  1 drivers
v0000018b04012440_0 .net *"_ivl_193", 0 0, L_0000018b0401b430;  1 drivers
v0000018b040123a0_0 .net *"_ivl_196", 0 0, L_0000018b04018630;  1 drivers
v0000018b04012c60_0 .net *"_ivl_197", 0 0, L_0000018b0401b3c0;  1 drivers
v0000018b04011a40_0 .net *"_ivl_200", 0 0, L_0000018b04018770;  1 drivers
v0000018b04012e40_0 .net *"_ivl_201", 0 0, L_0000018b0401bac0;  1 drivers
v0000018b04012800_0 .net *"_ivl_203", 0 0, L_0000018b0401af60;  1 drivers
v0000018b04012760_0 .net *"_ivl_206", 0 0, L_0000018b04018810;  1 drivers
v0000018b04012f80_0 .net *"_ivl_208", 0 0, L_0000018b040188b0;  1 drivers
v0000018b04011ae0_0 .net *"_ivl_209", 0 0, L_0000018b0401b820;  1 drivers
v0000018b04011b80_0 .net *"_ivl_212", 0 0, L_0000018b04018a90;  1 drivers
v0000018b04013020_0 .net *"_ivl_213", 0 0, L_0000018b0401bb30;  1 drivers
v0000018b04011fe0_0 .net *"_ivl_216", 0 0, L_0000018b04018b30;  1 drivers
v0000018b04011c20_0 .net *"_ivl_217", 0 0, L_0000018b0401b9e0;  1 drivers
v0000018b040128a0_0 .net *"_ivl_220", 0 0, L_0000018b04016c90;  1 drivers
v0000018b04012620_0 .net *"_ivl_221", 0 0, L_0000018b0401acc0;  1 drivers
v0000018b040137a0_0 .net *"_ivl_224", 0 0, L_0000018b04016dd0;  1 drivers
v0000018b04013520_0 .net *"_ivl_225", 0 0, L_0000018b0401ada0;  1 drivers
v0000018b04013340_0 .net *"_ivl_227", 0 0, L_0000018b0401b4a0;  1 drivers
v0000018b04011cc0_0 .net *"_ivl_23", 0 0, L_0000018b040164a0;  1 drivers
v0000018b04012080_0 .net *"_ivl_230", 4 0, L_0000018b04016e70;  1 drivers
v0000018b040121c0_0 .net *"_ivl_25", 0 0, L_0000018b04015640;  1 drivers
v0000018b040132a0_0 .net *"_ivl_27", 0 0, L_0000018b04015780;  1 drivers
v0000018b04013480_0 .net *"_ivl_28", 0 0, L_0000018b03fb2130;  1 drivers
v0000018b04012bc0_0 .net *"_ivl_30", 0 0, L_0000018b03fb2360;  1 drivers
v0000018b04013840_0 .net *"_ivl_33", 0 0, L_0000018b04014f60;  1 drivers
v0000018b04012b20_0 .net *"_ivl_35", 0 0, L_0000018b04016680;  1 drivers
v0000018b04012d00_0 .net *"_ivl_36", 0 0, L_0000018b03fb2440;  1 drivers
v0000018b04013160_0 .net *"_ivl_39", 0 0, L_0000018b04016720;  1 drivers
v0000018b040151e0_0 .net *"_ivl_40", 0 0, L_0000018b040a87e0;  1 drivers
v0000018b04016040_0 .net *"_ivl_42", 0 0, L_0000018b040a8a80;  1 drivers
v0000018b04015960_0 .net *"_ivl_47", 0 0, L_0000018b04014920;  1 drivers
v0000018b04015460_0 .net *"_ivl_49", 0 0, L_0000018b04017e10;  1 drivers
v0000018b04015a00_0 .net *"_ivl_51", 0 0, L_0000018b04017eb0;  1 drivers
v0000018b04015140_0 .net *"_ivl_52", 0 0, L_0000018b040a8d20;  1 drivers
v0000018b04014a60_0 .net *"_ivl_54", 0 0, L_0000018b040a8700;  1 drivers
v0000018b04014b00_0 .net *"_ivl_57", 0 0, L_0000018b04018950;  1 drivers
v0000018b04015aa0_0 .net *"_ivl_59", 0 0, L_0000018b04017730;  1 drivers
L_0000018b04060088 .functor BUFT 1, C4<0>, C4<0>, C4<0>, C4<0>;
v0000018b04015320_0 .net/2u *"_ivl_6", 0 0, L_0000018b04060088;  1 drivers
v0000018b04015000_0 .net *"_ivl_60", 0 0, L_0000018b040a8230;  1 drivers
v0000018b04015b40_0 .net *"_ivl_63", 0 0, L_0000018b04017370;  1 drivers
v0000018b04015be0_0 .net *"_ivl_64", 0 0, L_0000018b040a8540;  1 drivers
v0000018b040156e0_0 .net *"_ivl_66", 0 0, L_0000018b040a81c0;  1 drivers
v0000018b04014ba0_0 .net *"_ivl_69", 0 0, L_0000018b04017c30;  1 drivers
v0000018b04015820_0 .net *"_ivl_71", 0 0, L_0000018b04017b90;  1 drivers
v0000018b04016180_0 .net *"_ivl_72", 0 0, L_0000018b040a8e00;  1 drivers
v0000018b04014e20_0 .net *"_ivl_75", 0 0, L_0000018b04016d30;  1 drivers
v0000018b040149c0_0 .net *"_ivl_76", 0 0, L_0000018b040a8af0;  1 drivers
v0000018b04016540_0 .net *"_ivl_79", 0 0, L_0000018b040177d0;  1 drivers
v0000018b040160e0_0 .net *"_ivl_80", 0 0, L_0000018b040a8e70;  1 drivers
v0000018b040158c0_0 .net *"_ivl_82", 0 0, L_0000018b040a80e0;  1 drivers
v0000018b04015c80_0 .net *"_ivl_87", 0 0, L_0000018b04017050;  1 drivers
v0000018b04016400_0 .net *"_ivl_89", 0 0, L_0000018b04017cd0;  1 drivers
v0000018b04015280_0 .net *"_ivl_91", 0 0, L_0000018b04017910;  1 drivers
v0000018b04014c40_0 .net *"_ivl_92", 0 0, L_0000018b040a8770;  1 drivers
v0000018b04015d20_0 .net *"_ivl_94", 0 0, L_0000018b040a8ee0;  1 drivers
v0000018b04014880_0 .net *"_ivl_97", 0 0, L_0000018b04017f50;  1 drivers
v0000018b04014ce0_0 .net *"_ivl_99", 0 0, L_0000018b040179b0;  1 drivers
o0000018b03fc04d8 .functor BUFZ 5, C4<zzzzz>; HiZ drive
v0000018b040162c0_0 .net "a", 4 0, o0000018b03fc04d8;  0 drivers
v0000018b04015dc0_0 .var "a_reg", 4 0;
o0000018b03fc0538 .functor BUFZ 5, C4<zzzzz>; HiZ drive
v0000018b04015e60_0 .net "b", 4 0, o0000018b03fc0538;  0 drivers
v0000018b040150a0_0 .var "b_reg", 4 0;
v0000018b04014d80_0 .net "c", 5 0, L_0000018b04017410;  1 drivers
o0000018b03fc05c8 .functor BUFZ 1, C4<z>; HiZ drive
v0000018b04016220_0 .net "clk", 0 0, o0000018b03fc05c8;  0 drivers
v0000018b04015f00_0 .var "cout", 0 0;
v0000018b04015fa0_0 .net "g", 4 0, L_0000018b03fb2e50;  1 drivers
v0000018b040153c0_0 .net "p", 4 0, L_0000018b03fb2de0;  1 drivers
v0000018b040165e0_0 .var "sum", 4 0;
v0000018b04015500_0 .net "sum_wire", 4 0, L_0000018b0401bba0;  1 drivers
E_0000018b03fb4af0 .event posedge, v0000018b04016220_0;
L_0000018b04016360 .part L_0000018b03fb2e50, 0, 1;
L_0000018b040155a0 .part L_0000018b03fb2de0, 0, 1;
L_0000018b04014ec0 .part L_0000018b04017410, 0, 1;
L_0000018b040164a0 .part L_0000018b03fb2e50, 1, 1;
L_0000018b04015640 .part L_0000018b03fb2de0, 1, 1;
L_0000018b04015780 .part L_0000018b03fb2e50, 0, 1;
L_0000018b04014f60 .part L_0000018b03fb2de0, 1, 1;
L_0000018b04016680 .part L_0000018b03fb2de0, 0, 1;
L_0000018b04016720 .part L_0000018b04017410, 0, 1;
L_0000018b04014920 .part L_0000018b03fb2e50, 2, 1;
L_0000018b04017e10 .part L_0000018b03fb2de0, 2, 1;
L_0000018b04017eb0 .part L_0000018b03fb2e50, 1, 1;
L_0000018b04018950 .part L_0000018b03fb2de0, 2, 1;
L_0000018b04017730 .part L_0000018b03fb2de0, 1, 1;
L_0000018b04017370 .part L_0000018b03fb2e50, 0, 1;
L_0000018b04017c30 .part L_0000018b03fb2de0, 2, 1;
L_0000018b04017b90 .part L_0000018b03fb2de0, 1, 1;
L_0000018b04016d30 .part L_0000018b03fb2de0, 0, 1;
L_0000018b040177d0 .part L_0000018b04017410, 0, 1;
L_0000018b04017050 .part L_0000018b03fb2e50, 3, 1;
L_0000018b04017cd0 .part L_0000018b03fb2de0, 3, 1;
L_0000018b04017910 .part L_0000018b03fb2e50, 2, 1;
L_0000018b04017f50 .part L_0000018b03fb2de0, 3, 1;
L_0000018b040179b0 .part L_0000018b03fb2de0, 2, 1;
L_0000018b04017870 .part L_0000018b03fb2e50, 1, 1;
L_0000018b04018310 .part L_0000018b03fb2de0, 3, 1;
L_0000018b04017ff0 .part L_0000018b03fb2de0, 2, 1;
L_0000018b040189f0 .part L_0000018b03fb2de0, 1, 1;
L_0000018b04018090 .part L_0000018b03fb2e50, 0, 1;
L_0000018b04017d70 .part L_0000018b03fb2de0, 3, 1;
L_0000018b04017230 .part L_0000018b03fb2de0, 2, 1;
L_0000018b04018450 .part L_0000018b03fb2de0, 1, 1;
L_0000018b04018130 .part L_0000018b03fb2de0, 0, 1;
L_0000018b040172d0 .part L_0000018b04017410, 0, 1;
LS_0000018b04017410_0_0 .concat8 [ 1 1 1 1], L_0000018b04060088, L_0000018b03fb2ec0, L_0000018b040a8a80, L_0000018b040a80e0;
LS_0000018b04017410_0_4 .concat8 [ 1 1 0 0], L_0000018b040a8460, L_0000018b0401b4a0;
L_0000018b04017410 .concat8 [ 4 2 0 0], LS_0000018b04017410_0_0, LS_0000018b04017410_0_4;
L_0000018b04017a50 .part L_0000018b03fb2e50, 4, 1;
L_0000018b040184f0 .part L_0000018b03fb2de0, 4, 1;
L_0000018b04017af0 .part L_0000018b03fb2e50, 3, 1;
L_0000018b040181d0 .part L_0000018b03fb2de0, 4, 1;
L_0000018b040186d0 .part L_0000018b03fb2de0, 3, 1;
L_0000018b04016fb0 .part L_0000018b03fb2e50, 2, 1;
L_0000018b04018270 .part L_0000018b03fb2de0, 4, 1;
L_0000018b040175f0 .part L_0000018b03fb2de0, 3, 1;
L_0000018b04017690 .part L_0000018b03fb2de0, 2, 1;
L_0000018b040183b0 .part L_0000018b03fb2e50, 1, 1;
L_0000018b04018590 .part L_0000018b03fb2de0, 4, 1;
L_0000018b04016f10 .part L_0000018b03fb2de0, 3, 1;
L_0000018b040170f0 .part L_0000018b03fb2de0, 2, 1;
L_0000018b04018630 .part L_0000018b03fb2de0, 1, 1;
L_0000018b04018770 .part L_0000018b03fb2e50, 0, 1;
L_0000018b04018810 .part L_0000018b03fb2de0, 4, 1;
L_0000018b040188b0 .part L_0000018b03fb2de0, 3, 1;
L_0000018b04018a90 .part L_0000018b03fb2de0, 2, 1;
L_0000018b04018b30 .part L_0000018b03fb2de0, 1, 1;
L_0000018b04016c90 .part L_0000018b03fb2de0, 0, 1;
L_0000018b04016dd0 .part L_0000018b04017410, 0, 1;
L_0000018b04016e70 .part L_0000018b04017410, 0, 5;
    .scope S_0000018b03fa4d90;
T_0 ;
    %wait E_0000018b03fb4af0;
    %load/vec4 v0000018b040162c0_0;
    %assign/vec4 v0000018b04015dc0_0, 0;
    %load/vec4 v0000018b04015e60_0;
    %assign/vec4 v0000018b040150a0_0, 0;
    %jmp T_0;
    .thread T_0;
    .scope S_0000018b03fa4d90;
T_1 ;
    %wait E_0000018b03fb4af0;
    %load/vec4 v0000018b04015500_0;
    %assign/vec4 v0000018b040165e0_0, 0;
    %load/vec4 v0000018b04014d80_0;
    %parti/s 1, 5, 4;
    %assign/vec4 v0000018b04015f00_0, 0;
    %jmp T_1;
    .thread T_1;
# The file index is used to find the file name in the following table.
:file_names 3;
    "N/A";
    "<interactive>";
    "cla_adder.v";
